[2025-10-06 08:54:24] ERROR: Uncaught Exception: syntax error, unexpected token "<", expecting end of file | exception_class: ParseError | trace: #0 C:\xampp\htdocs\controllers\RifaController.php(15): View->render('Rifa/index', Array)
#1 C:\xampp\htdocs\libs\app.php(97): RifaController->index()
#2 C:\xampp\htdocs\libs\app.php(32): App->executeController('rifa', 'index', Array)
#3 C:\xampp\htdocs\libs\app.php(16): App->route()
#4 C:\xampp\htdocs\index.php(14): App->__construct()
#5 {main} | file: header.php | line: 38 | full_path: C:\xampp\htdocs\views\templates\header.php
[2025-10-06 08:56:37] ERROR: Uncaught Exception: syntax error, unexpected token "<", expecting end of file | exception_class: ParseError | trace: #0 C:\xampp\htdocs\controllers\RifaController.php(15): View->render('Rifa/index', Array)
#1 C:\xampp\htdocs\libs\app.php(97): RifaController->index()
#2 C:\xampp\htdocs\libs\app.php(32): App->executeController('rifa', 'index', Array)
#3 C:\xampp\htdocs\libs\app.php(16): App->route()
#4 C:\xampp\htdocs\index.php(14): App->__construct()
#5 {main} | file: header.php | line: 38 | full_path: C:\xampp\htdocs\views\templates\header.php
[2025-10-06 08:56:39] ERROR: Uncaught Exception: syntax error, unexpected token "<", expecting end of file | exception_class: ParseError | trace: #0 C:\xampp\htdocs\controllers\RifaController.php(15): View->render('Rifa/index', Array)
#1 C:\xampp\htdocs\libs\app.php(97): RifaController->index()
#2 C:\xampp\htdocs\libs\app.php(32): App->executeController('rifa', 'index', Array)
#3 C:\xampp\htdocs\libs\app.php(16): App->route()
#4 C:\xampp\htdocs\index.php(14): App->__construct()
#5 {main} | file: header.php | line: 38 | full_path: C:\xampp\htdocs\views\templates\header.php
[2025-10-06 08:58:34] ERROR: Uncaught Exception: syntax error, unexpected token "<", expecting end of file | exception_class: ParseError | trace: #0 C:\xampp\htdocs\controllers\RifaController.php(15): View->render('Rifa/index', Array)
#1 C:\xampp\htdocs\libs\app.php(97): RifaController->index()
#2 C:\xampp\htdocs\libs\app.php(32): App->executeController('rifa', 'index', Array)
#3 C:\xampp\htdocs\libs\app.php(16): App->route()
#4 C:\xampp\htdocs\index.php(14): App->__construct()
#5 {main} | file: header.php | line: 38 | full_path: C:\xampp\htdocs\views\templates\header.php
[2025-10-06 08:58:36] ERROR: Uncaught Exception: syntax error, unexpected token "<", expecting end of file | exception_class: ParseError | trace: #0 C:\xampp\htdocs\controllers\RifaController.php(15): View->render('Rifa/index', Array)
#1 C:\xampp\htdocs\libs\app.php(97): RifaController->index()
#2 C:\xampp\htdocs\libs\app.php(32): App->executeController('rifa', 'index', Array)
#3 C:\xampp\htdocs\libs\app.php(16): App->route()
#4 C:\xampp\htdocs\index.php(14): App->__construct()
#5 {main} | file: header.php | line: 38 | full_path: C:\xampp\htdocs\views\templates\header.php
[2025-10-06 09:01:01] ERROR: Uncaught Exception: syntax error, unexpected token "<", expecting end of file | exception_class: ParseError | trace: #0 C:\xampp\htdocs\controllers\RifaController.php(15): View->render('Rifa/index', Array)
#1 C:\xampp\htdocs\libs\app.php(97): RifaController->index()
#2 C:\xampp\htdocs\libs\app.php(32): App->executeController('rifa', 'index', Array)
#3 C:\xampp\htdocs\libs\app.php(16): App->route()
#4 C:\xampp\htdocs\index.php(14): App->__construct()
#5 {main} | file: header.php | line: 39 | full_path: C:\xampp\htdocs\views\templates\header.php
[2025-10-06 09:01:08] ERROR: Uncaught Exception: syntax error, unexpected token "<", expecting end of file | exception_class: ParseError | trace: #0 C:\xampp\htdocs\controllers\RifaController.php(15): View->render('Rifa/index', Array)
#1 C:\xampp\htdocs\libs\app.php(97): RifaController->index()
#2 C:\xampp\htdocs\libs\app.php(32): App->executeController('rifa', 'index', Array)
#3 C:\xampp\htdocs\libs\app.php(16): App->route()
#4 C:\xampp\htdocs\index.php(14): App->__construct()
#5 {main} | file: header.php | line: 39 | full_path: C:\xampp\htdocs\views\templates\header.php
[2025-10-06 09:08:00] ERROR: Uncaught Exception: syntax error, unexpected token "<", expecting end of file | exception_class: ParseError | trace: #0 C:\xampp\htdocs\controllers\RifaController.php(15): View->render('Rifa/index', Array)
#1 C:\xampp\htdocs\libs\app.php(97): RifaController->index()
#2 C:\xampp\htdocs\libs\app.php(32): App->executeController('rifa', 'index', Array)
#3 C:\xampp\htdocs\libs\app.php(16): App->route()
#4 C:\xampp\htdocs\index.php(14): App->__construct()
#5 {main} | file: header.php | line: 37 | full_path: C:\xampp\htdocs\views\templates\header.php
[2025-10-06 09:08:10] ERROR: Uncaught Exception: syntax error, unexpected token "<", expecting end of file | exception_class: ParseError | trace: #0 C:\xampp\htdocs\controllers\RifaController.php(15): View->render('Rifa/index', Array)
#1 C:\xampp\htdocs\libs\app.php(97): RifaController->index()
#2 C:\xampp\htdocs\libs\app.php(32): App->executeController('rifa', 'index', Array)
#3 C:\xampp\htdocs\libs\app.php(16): App->route()
#4 C:\xampp\htdocs\index.php(14): App->__construct()
#5 {main} | file: header.php | line: 37 | full_path: C:\xampp\htdocs\views\templates\header.php
[2025-10-06 09:08:29] ERROR: Uncaught Exception: syntax error, unexpected token "<", expecting end of file | exception_class: ParseError | trace: #0 C:\xampp\htdocs\controllers\RifaController.php(15): View->render('Rifa/index', Array)
#1 C:\xampp\htdocs\libs\app.php(97): RifaController->index()
#2 C:\xampp\htdocs\libs\app.php(32): App->executeController('rifa', 'index', Array)
#3 C:\xampp\htdocs\libs\app.php(16): App->route()
#4 C:\xampp\htdocs\index.php(14): App->__construct()
#5 {main} | file: header.php | line: 37 | full_path: C:\xampp\htdocs\views\templates\header.php
[2025-10-06 09:10:13] ERROR: Uncaught Exception: syntax error, unexpected token "<", expecting end of file | exception_class: ParseError | trace: #0 C:\xampp\htdocs\controllers\RifaController.php(15): View->render('Rifa/index', Array)
#1 C:\xampp\htdocs\libs\app.php(97): RifaController->index()
#2 C:\xampp\htdocs\libs\app.php(32): App->executeController('rifa', 'index', Array)
#3 C:\xampp\htdocs\libs\app.php(16): App->route()
#4 C:\xampp\htdocs\index.php(14): App->__construct()
#5 {main} | file: header.php | line: 36 | full_path: C:\xampp\htdocs\views\templates\header.php
[2025-10-06 09:17:49] ERROR: Uncaught Exception: syntax error, unexpected token "<", expecting end of file | exception_class: ParseError | trace: #0 C:\xampp\htdocs\controllers\RifaController.php(15): View->render('Rifa/index', Array)
#1 C:\xampp\htdocs\libs\app.php(97): RifaController->index()
#2 C:\xampp\htdocs\libs\app.php(32): App->executeController('rifa', 'index', Array)
#3 C:\xampp\htdocs\libs\app.php(16): App->route()
#4 C:\xampp\htdocs\index.php(14): App->__construct()
#5 {main} | file: header.php | line: 57 | full_path: C:\xampp\htdocs\views\templates\header.php
[2025-10-06 10:14:11] ERROR: Uncaught Exception: syntax error, unexpected token "<", expecting end of file | exception_class: ParseError | trace: #0 C:\xampp\htdocs\controllers\RifaController.php(15): View->render('Rifa/index', Array)
#1 C:\xampp\htdocs\libs\app.php(97): RifaController->index()
#2 C:\xampp\htdocs\libs\app.php(32): App->executeController('rifa', 'index', Array)
#3 C:\xampp\htdocs\libs\app.php(16): App->route()
#4 C:\xampp\htdocs\index.php(14): App->__construct()
#5 {main} | file: header.php | line: 2 | full_path: C:\xampp\htdocs\views\templates\header.php
[2025-10-06 10:15:01] ERROR: Uncaught Exception: syntax error, unexpected token "<", expecting end of file | exception_class: ParseError | trace: #0 C:\xampp\htdocs\controllers\RifaController.php(15): View->render('Rifa/index', Array)
#1 C:\xampp\htdocs\libs\app.php(97): RifaController->index()
#2 C:\xampp\htdocs\libs\app.php(32): App->executeController('rifa', 'index', Array)
#3 C:\xampp\htdocs\libs\app.php(16): App->route()
#4 C:\xampp\htdocs\index.php(14): App->__construct()
#5 {main} | file: header.php | line: 2 | full_path: C:\xampp\htdocs\views\templates\header.php
[2025-10-06 10:22:41] ERROR: Uncaught Exception: syntax error, unexpected token "<", expecting end of file | exception_class: ParseError | trace: #0 C:\xampp\htdocs\controllers\RifaController.php(15): View->render('Rifa/index', Array)
#1 C:\xampp\htdocs\libs\app.php(97): RifaController->index()
#2 C:\xampp\htdocs\libs\app.php(32): App->executeController('rifa', 'index', Array)
#3 C:\xampp\htdocs\libs\app.php(16): App->route()
#4 C:\xampp\htdocs\index.php(14): App->__construct()
#5 {main} | file: header.php | line: 37 | full_path: C:\xampp\htdocs\views\templates\header.php
[2025-10-06 10:57:44] ERROR: Uncaught Exception: syntax error, unexpected token "<", expecting end of file | exception_class: ParseError | trace: #0 C:\xampp\htdocs\controllers\RifaController.php(15): View->render('Rifa/index', Array)
#1 C:\xampp\htdocs\libs\app.php(97): RifaController->index()
#2 C:\xampp\htdocs\libs\app.php(32): App->executeController('rifa', 'index', Array)
#3 C:\xampp\htdocs\libs\app.php(16): App->route()
#4 C:\xampp\htdocs\index.php(14): App->__construct()
#5 {main} | file: header.php | line: 37 | full_path: C:\xampp\htdocs\views\templates\header.php
[2025-10-06 10:58:08] ERROR: Uncaught Exception: syntax error, unexpected token "<", expecting end of file | exception_class: ParseError | trace: #0 C:\xampp\htdocs\controllers\RifaController.php(15): View->render('Rifa/index', Array)
#1 C:\xampp\htdocs\libs\app.php(97): RifaController->index()
#2 C:\xampp\htdocs\libs\app.php(32): App->executeController('rifa', 'index', Array)
#3 C:\xampp\htdocs\libs\app.php(16): App->route()
#4 C:\xampp\htdocs\index.php(14): App->__construct()
#5 {main} | file: header.php | line: 37 | full_path: C:\xampp\htdocs\views\templates\header.php
